

작업시작

원 url = https://blogfiles.pstatic.net/MjAyMDAzMDJfMjM1/MDAxNTgzMTMyMjUwMjQ3.B2l61imkaJcOcOWkgDoiVN71Spzy-FhqDU9Yk7BP9Ysg.4jYlYIaMhp8-RzLEow2RR9N1J-L4V7-bCn0CaTFX_SMg.JPEG.jjy5210/%EB%A9%94%EC%9D%B4%EB%B6%95%EA%B4%B4.jpg
 파일명 = patamabot\image\메이붕괴.jpg
원 url = https://blogfiles.pstatic.net/MjAyMDAzMTlfMTQz/MDAxNTg0NjI5Njk4NTg3.WyINVXsrec-G6pOBvdNXkdaozPKrcWj5jPnI7uWX92wg.zYBOZ52RKAplKrCtRWUrNg-ZVRkMzZrHYt9oEQgUwVEg.PNG.jjy5210/8_break.png
 파일명 = patamabot\image\8_break.png
원 url = https://blogfiles.pstatic.net/MjAyMDAzMTlfMTY3/MDAxNTg0NjI5Njk3OTA5.MI6RQCiU6qkqWmIZekQcT36znHPdJ1kp7lYlMJvq22Ig.c3lIEcY7MhU8LD1I8m5FTpc1_okUh0qZ1pdB36xcepAg.PNG.jjy5210/7_weak.png
 파일명 = patamabot\image\7_weak.png
원 url = https://blogfiles.pstatic.net/MjAyMDAzMTlfMjI5/MDAxNTg0NjI5Njk0MTM1.sVEzMJg0R_4zqHDh6O-B7gKl-uEmUdgkTCPgIKbUIuQg.NTYSdkr8vsqK3aguwBchtBXeHfR0dyRFrfdzKI9Yksog.PNG.jjy5210/5_annoyed.png
 파일명 = patamabot\image\5_annoyed.png
원 url = https://blogfiles.pstatic.net/MjAyMDAzMTlfMTE2/MDAxNTg0NjI5NjkzNDQ2.un2ZcH4pEzHiDVCtKktNaWGwm-cvUsWDjHbkTMPuayAg.h2bus1QwimMCKbUB0kzicGbNoQ_Xu0qMZOLDPiMKGmQg.PNG.jjy5210/4_marryed.png
 파일명 = patamabot\image\4_marryed.png
원 url = https://blogfiles.pstatic.net/MjAyMDAzMTlfMTAy/MDAxNTg0NjI5Njk0ODQ3.yiiygrfxptQfyR3Le7YlzeawZxuZDaOW0gWbwXjwSkEg.IIBcXFi6MTixjCZ_zUtTxWedFBFizrNLTLSMPBtOdtAg.PNG.jjy5210/6_fear.png
 파일명 = patamabot\image\6_fear.png
원 url = https://blogfiles.pstatic.net/MjAyMDAzMTlfMjIx/MDAxNTg0NjI5NjkyNzk2.xuTAMqqD65jA8_6572uQiip4bM-wkISkFBF1hJTPyOkg.yBVA2c54_ybXHI3Pqh-VTba45IQts2rINB6Tu-b-OyAg.PNG.jjy5210/3_affection.png
 파일명 = patamabot\image\3_affection.png
원 url = https://blogfiles.pstatic.net/MjAyMDAzMTlfMTgy/MDAxNTg0NjI5NjkyMDk5.dU_y-1l1E36wFxX6CGdd-wcl11wG7crDuC5D_AjwFx8g.f9c6XpFo_XTJa08pdb5O9ZEbBjqDPAQdgPEiV1bvTrsg.PNG.jjy5210/2_high.png
 파일명 = patamabot\image\2_high.png
원 url = https://blogfiles.pstatic.net/MjAyMDAzMTlfMjcx/MDAxNTg0NjI5NjkxNDU5.iQ1WY1DszAbRWJiTedsVu36CyDYTg7_OLUYlkSRWsJwg.rM5h6gUQvx1YGFEtYTmQfhZm3PB1kge6ly1xU0WdDfAg.PNG.jjy5210/1_low.png
 파일명 = patamabot\image\1_low.png
원 url = https://blogfiles.pstatic.net/MjAyMDAzMjFfMTEg/MDAxNTg0NzY1ODMyMjI5.Vx88Mhuu3s7hSG0mwxUy831hbG-Cv3QO8cIS_JH7XcIg.jXYCSlbAumWGk4uYqpukBRKW4shZfN7m3IiYSJCgOnEg.PNG.jjy5210/8_break.png
 파일명 = patamabot\image\8_break.png
원 url = https://blogfiles.pstatic.net/MjAyMDAzMjFfMTc3/MDAxNTg0NzY1ODMxNDgx.0-Z099ePVsGoW8JqTqkVYJ_6MYw_L5zW6aHHuZ7ZoeUg.WAQ664YzcFrG9ZQ_7RSdhjE83N7Sa97MOaUdy74PukMg.PNG.jjy5210/7_weak.png
 파일명 = patamabot\image\7_weak.png
원 url = https://blogfiles.pstatic.net/MjAyMDAzMjFfMjQ2/MDAxNTg0NzY1ODI5ODMx.OJ1C5G3OnwJuCVVwNFi94V9CeyU0MhwoyecOkbqwHyQg.IUWp4rV-Yq97Sw_JkBCUROxMs4uswEjukyWHkj9ISVgg.PNG.jjy5210/5_annoyed.png
 파일명 = patamabot\image\5_annoyed.png
원 url = https://blogfiles.pstatic.net/MjAyMDAzMjFfMjU1/MDAxNTg0NzY1ODI5MDk5.LwWPkEs7bcZU52ht0rYvOUjRE-fJT51QC5zaFXJcJugg.Y7JcYIdK_NOAEaaVDEk7XTLYVaf5imS-cDvnCsD7kaYg.PNG.jjy5210/4_marryed.png
 파일명 = patamabot\image\4_marryed.png
원 url = https://blogfiles.pstatic.net/MjAyMDAzMjFfMTMz/MDAxNTg0NzY1ODMwNjg0.9AGrcam3PBbzOjZuefSa374z8a8tnw8xn8stvU3rExMg.nBm-wF1UwdZQfEXNK8heD9XjqAl_HfHmL7Fysi3BF4og.PNG.jjy5210/6_fear.png
 파일명 = patamabot\image\6_fear.png
원 url = https://blogfiles.pstatic.net/MjAyMDAzMjFfMTI0/MDAxNTg0NzY1ODI4MjY2.ZTXhJ4wjT8M5mxQwEFxDtGCVfef5ewwLhvDqc67VE1Ig.r4lS4PMBrfSTcl47bQhKO5cCRbPE-CuTDB2rUnZWXxUg.PNG.jjy5210/3_affection.png
 파일명 = patamabot\image\3_affection.png
원 url = https://blogfiles.pstatic.net/MjAyMDAzMjFfMjgz/MDAxNTg0NzY1ODI3NDQ5.vRIw81hLZggjKiq_YCWukb60Ekrt7q725mB8npojvmwg.6zYmcRc-cauHO4qlpkFSQmBq5FKnWFvWZXT5qmdSPjMg.PNG.jjy5210/2_high.png
 파일명 = patamabot\image\2_high.png
원 url = https://blogfiles.pstatic.net/MjAyMDAzMjFfMTky/MDAxNTg0NzY1ODI2NTkz.XuXjH05cDRu5E898cx1GxMerwYGrx705-6s_uvG9eGgg.kTw_1pSIoydISCLix44UCZfUw63t4WlnUJs0r-4NtJEg.PNG.jjy5210/1_low.png
 파일명 = patamabot\image\1_low.png
원 url = https://blogfiles.pstatic.net/MjAyMDAzMjdfMjAx/MDAxNTg1Mjk2NTY5MDQy.jzGdvNzgnwQ1x0ICFbi2xwIMZZZcRgwu0wnU2OM3fiUg.CHy6ntE-x9iQVqmtFrFMLX06eENnEVE6RMu6c9OlwR0g.PNG.jjy5210/%EC%98%A4%ED%94%84%EB%8B%9D1.png
 파일명 = patamabot\image\오프닝1.png
원 url = https://blogfiles.pstatic.net/MjAyMDA1MTRfMTY2/MDAxNTg5NDIwOTY5MDAx.8F8TIaQN6VVubdZ77gR1yQDjOlO6kK1ftvhJrP3euz4g.OeDbWoGCnZCEU-atR-fayfJfVjmAzkIIZDcC6dg8r4Ag.PNG.jjy5210/%EB%B2%A0%EB%A1%9C%EB%8B%88%EC%B9%B4_%EC%97%B0%EC%95%A0%EC%8B%9C%EC%9E%91%EC%8B%9C0%2C25x.png
 파일명 = patamabot\image\베로니카_연애시작시0,25x.png
원 url = https://blogfiles.pstatic.net/MjAyMDA1MTRfOTYg/MDAxNTg5NDIwOTcxMTMz.wAcxgb8FIqktHUIBo1ImOX8xEvTNAsCI9Pcd94ZrIdsg.Ai8n78pYGK3V0BQ9AuZsUsy_q7XGcsgWjodl5y1QQskg.PNG.jjy5210/%EB%B2%A0%EB%A1%9C%EB%8B%88%EC%B9%B4_%EC%9D%B4%EB%B2%A4%ED%8A%B8_confession0%2C25x.png
 파일명 = patamabot\image\베로니카_이벤트_confession0,25x.png
원 url = https://blogfiles.pstatic.net/MjAyMDAzMDFfMTQ2/MDAxNTgzMDc0MTAyNzky.L_Zue2GrhDRI5JyxbvvY74EEViS6kOCuIc13d5pThI4g.MyLSZN2L8wXfyTsfkSZIh8_0cpFBaOKBx2mmChZHsOEg.PNG.jjy5210/%EB%A9%94%EC%9D%B4%ED%8C%8C%ED%9B%84.png
 파일명 = patamabot\image\메이파후.png
원 url = https://blogfiles.pstatic.net/MjAyMDAzMTlfMTUg/MDAxNTg0NTQ3Mjc1NzY3.1UzzsVdal_FvbDB0JQZaUNIgbAzy63pCChXn1k7ohzog.iMmb3ocDGAnHbu3AbBMaK3ARBEpjsLmrZEcw63NzUz0g.PNG.jjy5210/%EC%88%A0%EB%B0%B0.png
 파일명 = patamabot\image\술배.png
원 url = https://blogfiles.pstatic.net/MjAyMDA1MTRfMjg3/MDAxNTg5NDIwOTU4NzU0.mOx_fHU-SAEmoUXVy3cXe5J2gHajK2EAGZykCaDmRPIg.JYO7_kvPrkiAlQwx67ygs2-ldlMgoCC3NOuRsncz6HIg.JPEG.jjy5210/X%EB%AC%B8%EC%9D%80_%EB%B0%B0%EC%84%A4%EA%B8%B0%EA%B4%80_1.jpg
 파일명 = patamabot\image\X문은_배설기관_1.jpg
원 url = https://blogfiles.pstatic.net/MjAyMDA1MTRfNzEg/MDAxNTg5NDIwOTU5MTgy.O2UQvgTEY2OygDgi65DOnpqovCZTMxc0eFBkXxuwkXgg.XhUTLVYRpwRNT6tTtfojC1d-1egIkAdW8acoTCppPCAg.JPEG.jjy5210/%EB%9A%9D%EB%B0%B0%EA%B8%B0.jpg
 파일명 = patamabot\image\뚝배기.jpg
원 url = https://blogfiles.pstatic.net/MjAyMDAzMjRfMTQx/MDAxNTg1MDUzNjIwNTEz.MqfcfsL34OO40iHJDgmmuHxBFL372xkerMS45CM3Pz8g.EzVayb5d-_3Mk-tmE1u93gJjqVoMtjfS9hd5D37L1vEg.JPEG.jjy5210/%EA%B3%B5%ED%8F%AC%EC%98%81%ED%99%94.jpg
 파일명 = patamabot\image\공포영화.jpg
원 url = https://blogfiles.pstatic.net/MjAyMDAzMjRfMTMg/MDAxNTg1MDUzNjIxMDYw.q-w_01_NRMyNqnd-OgmsVI-WFiV6mOWvAb_lRRH4g0sg.jwcqF2_IlTmCy_FywQ5kLhyCs4PgvUoHGz_nwMYXS6Mg.JPEG.jjy5210/%EB%A1%9C%EB%A7%A8%EC%8A%A4%EC%98%81%ED%99%94.jpg
 파일명 = patamabot\image\로맨스영화.jpg
원 url = https://blogfiles.pstatic.net/MjAyMDAzMjRfMTc1/MDAxNTg1MDUzNjIxNDMz.nT8xHrVEZMC-5zi2wu1t0vc4YY_zDmnb4tIHRnGG2uAg.WiK8LcDj9Q4oxLvHSLlKJ1pBPAH8hSrRuFOlJxyxUeEg.JPEG.jjy5210/%EC%BD%94%EB%AF%B8%EB%94%94%EC%98%81%ED%99%94.jpg
 파일명 = patamabot\image\코미디영화.jpg
원 url = https://blogfiles.pstatic.net/MjAyMDAzMTFfNzIg/MDAxNTgzODYzNDU4NTU2.2NEWP7dMYPjTOGEZDQaUkA528U5uwoHdgumaDCxxjCsg.G3R_Z2pOjazZZiKp0zFsyvr0DKTgmsk1lrhSRgBiV1kg.JPEG.jjy5210/%EB%A8%B8%EB%A6%AC.jpg
 파일명 = patamabot\image\머리.jpg
원 url = https://blogfiles.pstatic.net/MjAyMDAzMTZfMjU5/MDAxNTg0MzI4MzgyMTUx.u0-HvMc2wXvkqUubNEt3kg0-vd4ahhNjrr0um5omN98g.__WKgdhiatF7Y-Qpy-rNJGpTXGv0fElkpPItaeRN98Ig.JPEG.jjy5210/%EC%BC%88%EB%B2%A0%EC%97%90%EB%B0%80%EB%A6%AC.jpg
 파일명 = patamabot\image\켈베에밀리.jpg
원 url = https://blogfiles.pstatic.net/MjAyMDAzMTZfMjY2/MDAxNTg0MzYwNzg1NTUz.uh-nGG3poQ6NiOLWeCmbzfir4DB-lbTjgUMfVeTuT-Qg.dQnZupzGECnRgdWZlTphvKx8rO5_IkSB3HUl7zLncl0g.PNG.jjy5210/%EB%A6%AC%EC%A0%9C%EC%9D%B4%EB%B2%A41.png
 파일명 = patamabot\image\리제이벤1.png
원 url = https://blogfiles.pstatic.net/MjAyMDAzMTZfMjEw/MDAxNTg0MzYwNzg2Mzgz.I-dMrO52K5W6GUPwJPQ6na6DJgKxPC4Lbpdi_xHLhjgg.Nq7aadESmqrHCAO2xBl0GAW-Kf6RZ9rH1EECFJhnWR8g.PNG.jjy5210/%EB%A6%AC%EC%A0%9C%EC%9D%B4%EB%B2%A42.png
 파일명 = patamabot\image\리제이벤2.png
원 url = https://blogfiles.pstatic.net/MjAyMDAzMjZfMzIg/MDAxNTg1MjIzNTI5NDUw.bsB6vTsbg4HkhkVENc--nT-pBzlHKQwq4YFREyhNJLgg.XonUB9Zab302-Jb0YhtmJE_NKQvJHcEnHUL81LVaY7kg.PNG.jjy5210/%EB%A6%AC%EC%A0%9C%EC%9D%B4%EB%B2%A43.png
 파일명 = patamabot\image\리제이벤3.png
원 url = https://blogfiles.pstatic.net/MjAyMDAzMjZfMTcy/MDAxNTg1MjIzNTMxMTA3.PMrLR9367KBzLozSVIeH3V0eoghePXU7xLe2UzWAcvIg.uRi7RMZ8D95ynQ1-7a7LP8pYzICVroYa3Pvvh-qA80Ig.PNG.jjy5210/%EB%A6%AC%EC%A0%9C%EC%9D%B4%EB%B2%A44.png
 파일명 = patamabot\image\리제이벤4.png
원 url = https://blogfiles.pstatic.net/MjAyMDA1MjFfMjQ3/MDAxNTkwMDU5MDM0ODM0.eWlkXUVAMBaXpVdnicHSZ5t0vxnYeVYf3P_ZE8mZSSkg.mX5LyiPPOK01bSEQ9zNYPs9CY_pAxO6LYKM7h_5JmjYg.PNG.jjy5210/KakaoTalk_20200521_194845826.png
 파일명 = patamabot\image\KakaoTalk_20200521_194845826.png
원 url = https://blogfiles.pstatic.net/MjAyMDAzMDFfMTMy/MDAxNTgzMDc0MTAyNDI1.LCstBLVZ6AWqlGOAx9MdRG74Ev-NQN_IQq9yv2R4FR0g.-brT5TybnX4o3nqSIC_1FRkDatmhX0eSnDE1uhybddwg.JPEG.jjy5210/%EB%A9%94%EC%9D%B4%EC%9D%8C%EC%8B%9D%EB%A8%B9%EA%B8%B0.jpg
 파일명 = patamabot\image\메이음식먹기.jpg
원 url = https://blogfiles.pstatic.net/MjAyMDA0MDRfMTIz/MDAxNTg1OTMzODY2NzY5.-p4WymxGTdpoMXdP1GVfnH6zHbgBUFx0E18l0CstVLIg.8u_xcCycXrOGVN0bfUcEiqqmwn0N0v1TtmrQ4lUIkaMg.PNG.jjy5210/%EC%9A%94%EB%A6%AC.png
 파일명 = patamabot\image\요리.png
원 url = https://blogfiles.pstatic.net/MjAyMDAzMDFfODMg/MDAxNTgzMDc0MTAxNzUx.TMxCau9mTuMwyi1hNZGgON7ckykieTnZ6DpzqHNop4gg.Vg_2XCON39QAMGkUlDUdP8Y5ME1Kw909e7bDTcHZmV0g.JPEG.jjy5210/%EB%A9%94%EC%9D%B4_%EC%97%94%EB%94%A9.jpg
 파일명 = patamabot\image\메이_엔딩.jpg
원 url = https://blogfiles.pstatic.net/MjAyMDAzMDJfMzAw/MDAxNTgzMTMyMjQ5ODUz.s-Jy98cFQgDb03F5rEGN11MZHUA3nyQjRkOaWU6Narwg.P2kNg2myveDXIDxjTsDyADOxFjH1FzpZRnzUAPUxCFwg.JPEG.jjy5210/%EB%A9%94%EC%9D%B4_%EC%97%94%EB%94%A92.jpg
 파일명 = patamabot\image\메이_엔딩2.jpg
원 url = https://blogfiles.pstatic.net/MjAyMDAzMDJfMjk2/MDAxNTgzMTIwNDc3MzIy.Z3DkPNmklHUfm2474QgBBjW7mgx_0Kk4f0akfFeGIlAg.YP2S3SH1OQ0hISx2bI34czuxQpfx6XroDZ5uFCRBPlEg.PNG.jjy5210/%EC%97%94%EB%94%A91.png
 파일명 = patamabot\image\엔딩1.png
원 url = https://blogfiles.pstatic.net/MjAyMDAzMDZfMTkw/MDAxNTgzNDk4NDk4NDE5.KXrOkPIE2I1aZ3kCDWcfjeyS8y7V3BGeR_KMlQ1dpqsg.bfnm4oSp2RltJJTc6I6heepMjua9d0nfSQtiXFimqa8g.JPEG.jjy5210/%EC%97%94%EB%94%A91.jpg
 파일명 = patamabot\image\엔딩1.jpg
원 url = https://blogfiles.pstatic.net/MjAyMDAzMDZfMTUz/MDAxNTgzNDk4NDk4ODA1.Z9xuIZG7My0jhizUYLHnuXD12OgCRZsuvRKpaRhMdqcg.X0l0RJ3g1jfd2JsOoCkUkKaCn5sNa-yoiN-L0V80l5og.JPEG.jjy5210/%EC%97%94%EB%94%A92.jpg
 파일명 = patamabot\image\엔딩2.jpg
원 url = https://blogfiles.pstatic.net/MjAyMDAzMDhfNyAg/MDAxNTgzNjc5MTUyMzAz.0KAbRdZALHjL12bodnfKl228Fr-8NdIyohuQJFhTIjog.vPFQngm64kPvR162qy3BBdbU3Sqi4w1ykAhecWTFV9wg.PNG.jjy5210/%EC%97%94%EB%94%A92_1.png
 파일명 = patamabot\image\엔딩2_1.png
원 url = https://blogfiles.pstatic.net/MjAyMDAzMDlfMTE5/MDAxNTgzNjgzODY0MzQ5.I2JEsT0nqpRxMtnwycsatXaZIZW_NqiYs3HLdjit6FQg.K3oC-wdVFrOfNZWYS5xHb7njuZGClvi6-9v26a6ejCcg.JPEG.jjy5210/%EC%97%94%EB%94%A91.jpg
 파일명 = patamabot\image\엔딩1.jpg
원 url = https://blogfiles.pstatic.net/MjAyMDAzMDlfMjE0/MDAxNTgzNjgzODY1MjE0.6MD6q3yQBDnF8NjLEsNRhGGcLZR4rQZHIaL7HpExQQIg.vU7HXie1qmTg5faIjDKZrf7s0gZRvtWOnm_PrAdqDFwg.PNG.jjy5210/%EC%97%94%EB%94%A92.png
 파일명 = patamabot\image\엔딩2.png
원 url = https://blogfiles.pstatic.net/MjAyMDAzMTFfMTcw/MDAxNTgzOTMyODQ2MTY2.sv9WtSfVycj0DfCyuRihwUhRV_cwebTuFfF80CUDQYcg.gxiw_WhDsNrhvp1ycciDpHXIYBWLWp-T_lbsZaJ1yekg.JPEG.jjy5210/%EC%97%94%EB%94%A94.jpg
 파일명 = patamabot\image\엔딩4.jpg
원 url = https://blogfiles.pstatic.net/MjAyMDAzMTVfMTM0/MDAxNTg0MjUyMTAyNDY2.oe7IDOHKiK62fOI-g9qni0kAR4j-Kr9NZLt3LWYUEpUg.Qyd8hTk7urvPTKGVCyB2e8R4wIgYVtIrD1qoqq811QEg.PNG.jjy5210/%EC%97%94%EB%94%A92.png
 파일명 = patamabot\image\엔딩2.png
원 url = https://blogfiles.pstatic.net/MjAyMDAzMTZfMjE4/MDAxNTg0MzI4MTE2Njc5.zn7da3Re_OoHwgjWfU06XcJzf-r6a2RxcFLHSscn6l0g.oYU1mTGNWaha8-k55JdZxwThvPy_1mSuVi7prJdQ57og.PNG.jjy5210/%ED%9E%88%EB%93%A0%EC%97%94%EB%94%A9.png
 파일명 = patamabot\image\히든엔딩.png
원 url = https://blogfiles.pstatic.net/MjAyMDAzMTZfNjcg/MDAxNTg0MzQ5OTc4Mjgy.uZ0vz62RnekELgJPLtOsaRE4zbhiW6M5Qq5QFMs02Isg.4E7bJGMgqBS6a_7CFl4HNc5OECovbypVOjARyAkm_Csg.PNG.jjy5210/%EC%97%94%EB%94%A94.png
 파일명 = patamabot\image\엔딩4.png
원 url = https://blogfiles.pstatic.net/MjAyMDAzMjdfMTAy/MDAxNTg1Mjk1ODE4ODI3.X9SDH_VlN_A0yLwwlZLyJpWsvStjn1EKeJGZj080OCkg.8qUu3fL2G41LrOegoPcMcfR9YxtNCgGlm0Y1aQB1Gagg.PNG.jjy5210/%EC%97%94%EB%94%A91.png
 파일명 = patamabot\image\엔딩1.png
원 url = https://blogfiles.pstatic.net/MjAyMDA1MTRfMTg0/MDAxNTg5NDIwOTY2MjE0.I7iYSo4szGx8BJNoNb5CIoQrd4UvMBzPUHQHrmyrE7Eg.mrDMi6tLFSlDebnZHw_vviiv_yRiC5tBLGqjrtpTHh8g.PNG.jjy5210/%EB%B2%A0%EB%A1%9C%EB%8B%88%EC%B9%B4_%EC%97%94%EB%94%A910%2C25x.png
 파일명 = patamabot\image\베로니카_엔딩10,25x.png
원 url = https://blogfiles.pstatic.net/MjAyMDA1MTRfMjAg/MDAxNTg5NDIwOTYwNTE5.Lst4g6fxq7huHLmEGO5I3sWGY9L4R-5Ze020yCw2XHsg.7vNFGEJcfW5E8bhd6Wwy0H-FMyG_9uLkXLU5vd5KKJAg.PNG.jjy5210/%EB%B2%A0%EB%A1%9C%EB%8B%88%EC%B9%B4_%EC%97%94%EB%94%A9_20%2C25x.png
 파일명 = patamabot\image\베로니카_엔딩_20,25x.png
원 url = https://blogfiles.pstatic.net/MjAyMDA1MTRfMjYg/MDAxNTg5NDIwOTY2NTQ4.WBqCf_8FvO-OULI6dviVJi3g5UmFH-Kt-bik0_sjckUg.t13q4hGgNx1F1dmOyqe95vk9Ql3UcBKFvvaBYoxZWLcg.JPEG.jjy5210/%EB%B2%A0%EB%A1%9C%EB%8B%88%EC%B9%B4_%EC%97%94%EB%94%A93-1.jpg
 파일명 = patamabot\image\베로니카_엔딩3-1.jpg
원 url = https://blogfiles.pstatic.net/MjAyMDA1MTRfMTU2/MDAxNTg5NDIwOTY2ODUy.aZGEhvNAOvc2Tg2jmxjW29dEI-55rj2UO2J8XYkBer4g.5TtD8TShOv_KYwVRmFiKLE6I4qdjvI62zhlcVBmPzW8g.JPEG.jjy5210/%EB%B2%A0%EB%A1%9C%EB%8B%88%EC%B9%B4_%EC%97%94%EB%94%A93-2.jpg
 파일명 = patamabot\image\베로니카_엔딩3-2.jpg
원 url = https://blogfiles.pstatic.net/MjAyMDAzMDhfODMg/MDAxNTgzNjc5MTU0MjUz.KBzR5dFOuTzO0TRoKnawpe-2zGgrOh-sQXZXW3qH2RQg.ys2uSmBZMlg9db0DBmvWC3PTJxrqqPOSXnu9VRNmO1Mg.PNG.jjy5210/%EC%97%94%EB%94%A92_2.png
 파일명 = patamabot\image\엔딩2_2.png
원 url = https://blogfiles.pstatic.net/MjAyMDAzMDJfMTkw/MDAxNTgzMTUwMzY2Mjg3.1GTlyQI9Vro62dhbNYib9lIEh6dKd2r05i8lrYesJa4g.YbGGzxbg00l_mL3A368BO9Z7Ure-8mDIQnNfrMH3omgg.PNG.jjy5210/%EC%98%A4%ED%94%84%EB%8B%9D%ED%83%80%EC%9D%B4%ED%8B%803.png
 파일명 = patamabot\image\오프닝타이틀3.png
원 url = https://blogfiles.pstatic.net/MjAyMDAzMDJfMjk2/MDAxNTgzMTUwMzY2NzA2.680iCYLCtGJz8yhZbOCgPV1BWSXE-TNpkyDRutHLDbUg.1H4Tlc-E8kxGj2YfSrt89RJDYRMLtlOUpDeySxW13VYg.PNG.jjy5210/%EC%98%A4%ED%94%84%EB%8B%9D%ED%83%80%EC%9D%B4%ED%8B%804.png
 파일명 = patamabot\image\오프닝타이틀4.png
원 url = https://blogfiles.pstatic.net/MjAyMDAzMDJfMTMx/MDAxNTgzMTUwMzY3MDM2.p92Yvjm6DV3MPUF2v6c4-K_H6Krv_Qyeg-ALo2DnnJ4g.DPef_M0elrcV0NyimxGCWAkd-wzEwJjrhzPyxR4hSHMg.PNG.jjy5210/%EC%98%A4%ED%94%84%EB%8B%9D%ED%83%80%EC%9D%B4%ED%8B%801.png
 파일명 = patamabot\image\오프닝타이틀1.png
원 url = https://blogfiles.pstatic.net/MjAyMDAzMDJfMTkg/MDAxNTgzMTUwMzY3NDUx.4UXJHTtiN2jk3BNJNLdF4LEkOZCFJ78FbK7T0nVEtxgg.svndZsjboohS7W9CbZyIln9WcM8ps3nPWzqggAiogcIg.PNG.jjy5210/%EC%98%A4%ED%94%84%EB%8B%9D%ED%83%80%EC%9D%B4%ED%8B%802.png
 파일명 = patamabot\image\오프닝타이틀2.png
원 url = https://blogfiles.pstatic.net/MjAyMDAzMDlfNyAg/MDAxNTgzNzU0MzY4MzAx.F8Nvn-NHud7yTrqHJEhC88P61c2-Z6jEF0p6fsMeECsg._bgeHzYZNTSiYPQ0IN6ZAy1tnE4ipb5R-By8ZQ9_vk8g.PNG.jjy5210/%EC%98%A4%ED%94%84%EB%8B%9D%ED%83%80%EC%9D%B4%ED%8B%806.png
 파일명 = patamabot\image\오프닝타이틀6.png
원 url = https://blogfiles.pstatic.net/MjAyMDAzMDlfMTI1/MDAxNTgzNzU0OTU2MDI5.rF8KQGC1du5sF7J2sJWAwf9EouAlU1s4idYdPQZOfVAg.dXtx-YL8sDoDUl2JjcjOle4b5pUCScKVSQHSrG8-voMg.PNG.jjy5210/%EC%98%A4%ED%94%84%EB%8B%9D%ED%83%80%EC%9D%B4%ED%8B%805.png
 파일명 = patamabot\image\오프닝타이틀5.png
원 url = https://blogfiles.pstatic.net/MjAyMDAzMDJfMTkw/MDAxNTgzMTUwMzY2Mjg3.1GTlyQI9Vro62dhbNYib9lIEh6dKd2r05i8lrYesJa4g.YbGGzxbg00l_mL3A368BO9Z7Ure-8mDIQnNfrMH3omgg.PNG.jjy5210/%EC%98%A4%ED%94%84%EB%8B%9D%ED%83%80%EC%9D%B4%ED%8B%803.png
 파일명 = patamabot\image\오프닝타이틀3.png
원 url = https://blogfiles.pstatic.net/MjAyMDAzMDJfMjk2/MDAxNTgzMTUwMzY2NzA2.680iCYLCtGJz8yhZbOCgPV1BWSXE-TNpkyDRutHLDbUg.1H4Tlc-E8kxGj2YfSrt89RJDYRMLtlOUpDeySxW13VYg.PNG.jjy5210/%EC%98%A4%ED%94%84%EB%8B%9D%ED%83%80%EC%9D%B4%ED%8B%804.png
 파일명 = patamabot\image\오프닝타이틀4.png
원 url = https://blogfiles.pstatic.net/MjAyMDAzMDJfMTMx/MDAxNTgzMTUwMzY3MDM2.p92Yvjm6DV3MPUF2v6c4-K_H6Krv_Qyeg-ALo2DnnJ4g.DPef_M0elrcV0NyimxGCWAkd-wzEwJjrhzPyxR4hSHMg.PNG.jjy5210/%EC%98%A4%ED%94%84%EB%8B%9D%ED%83%80%EC%9D%B4%ED%8B%801.png
 파일명 = patamabot\image\오프닝타이틀1.png
원 url = https://blogfiles.pstatic.net/MjAyMDAzMDJfMTkg/MDAxNTgzMTUwMzY3NDUx.4UXJHTtiN2jk3BNJNLdF4LEkOZCFJ78FbK7T0nVEtxgg.svndZsjboohS7W9CbZyIln9WcM8ps3nPWzqggAiogcIg.PNG.jjy5210/%EC%98%A4%ED%94%84%EB%8B%9D%ED%83%80%EC%9D%B4%ED%8B%802.png
 파일명 = patamabot\image\오프닝타이틀2.png
원 url = https://blogfiles.pstatic.net/MjAyMDAzMDlfNyAg/MDAxNTgzNzU0MzY4MzAx.F8Nvn-NHud7yTrqHJEhC88P61c2-Z6jEF0p6fsMeECsg._bgeHzYZNTSiYPQ0IN6ZAy1tnE4ipb5R-By8ZQ9_vk8g.PNG.jjy5210/%EC%98%A4%ED%94%84%EB%8B%9D%ED%83%80%EC%9D%B4%ED%8B%806.png
 파일명 = patamabot\image\오프닝타이틀6.png
원 url = https://blogfiles.pstatic.net/MjAyMDAzMDlfMTI1/MDAxNTgzNzU0OTU2MDI5.rF8KQGC1du5sF7J2sJWAwf9EouAlU1s4idYdPQZOfVAg.dXtx-YL8sDoDUl2JjcjOle4b5pUCScKVSQHSrG8-voMg.PNG.jjy5210/%EC%98%A4%ED%94%84%EB%8B%9D%ED%83%80%EC%9D%B4%ED%8B%805.png
 파일명 = patamabot\image\오프닝타이틀5.png
원 url = https://blogfiles.pstatic.net/MjAyMDAzMDJfMTkw/MDAxNTgzMTUwMzY2Mjg3.1GTlyQI9Vro62dhbNYib9lIEh6dKd2r05i8lrYesJa4g.YbGGzxbg00l_mL3A368BO9Z7Ure-8mDIQnNfrMH3omgg.PNG.jjy5210/%EC%98%A4%ED%94%84%EB%8B%9D%ED%83%80%EC%9D%B4%ED%8B%803.png
 파일명 = patamabot\image\오프닝타이틀3.png
원 url = https://blogfiles.pstatic.net/MjAyMDAzMDJfMjk2/MDAxNTgzMTUwMzY2NzA2.680iCYLCtGJz8yhZbOCgPV1BWSXE-TNpkyDRutHLDbUg.1H4Tlc-E8kxGj2YfSrt89RJDYRMLtlOUpDeySxW13VYg.PNG.jjy5210/%EC%98%A4%ED%94%84%EB%8B%9D%ED%83%80%EC%9D%B4%ED%8B%804.png
 파일명 = patamabot\image\오프닝타이틀4.png
원 url = https://blogfiles.pstatic.net/MjAyMDAzMDJfMTMx/MDAxNTgzMTUwMzY3MDM2.p92Yvjm6DV3MPUF2v6c4-K_H6Krv_Qyeg-ALo2DnnJ4g.DPef_M0elrcV0NyimxGCWAkd-wzEwJjrhzPyxR4hSHMg.PNG.jjy5210/%EC%98%A4%ED%94%84%EB%8B%9D%ED%83%80%EC%9D%B4%ED%8B%801.png
 파일명 = patamabot\image\오프닝타이틀1.png
원 url = https://blogfiles.pstatic.net/MjAyMDAzMDJfMTkg/MDAxNTgzMTUwMzY3NDUx.4UXJHTtiN2jk3BNJNLdF4LEkOZCFJ78FbK7T0nVEtxgg.svndZsjboohS7W9CbZyIln9WcM8ps3nPWzqggAiogcIg.PNG.jjy5210/%EC%98%A4%ED%94%84%EB%8B%9D%ED%83%80%EC%9D%B4%ED%8B%802.png
 파일명 = patamabot\image\오프닝타이틀2.png
원 url = https://blogfiles.pstatic.net/MjAyMDAzMDlfNyAg/MDAxNTgzNzU0MzY4MzAx.F8Nvn-NHud7yTrqHJEhC88P61c2-Z6jEF0p6fsMeECsg._bgeHzYZNTSiYPQ0IN6ZAy1tnE4ipb5R-By8ZQ9_vk8g.PNG.jjy5210/%EC%98%A4%ED%94%84%EB%8B%9D%ED%83%80%EC%9D%B4%ED%8B%806.png
 파일명 = patamabot\image\오프닝타이틀6.png
원 url = https://blogfiles.pstatic.net/MjAyMDAzMDlfMTI1/MDAxNTgzNzU0OTU2MDI5.rF8KQGC1du5sF7J2sJWAwf9EouAlU1s4idYdPQZOfVAg.dXtx-YL8sDoDUl2JjcjOle4b5pUCScKVSQHSrG8-voMg.PNG.jjy5210/%EC%98%A4%ED%94%84%EB%8B%9D%ED%83%80%EC%9D%B4%ED%8B%805.png
 파일명 = patamabot\image\오프닝타이틀5.png
원 url = https://blogfiles.pstatic.net/MjAyMDA1MThfMjA0/MDAxNTg5Nzg4OTY4MjI1.2vDNT61hMKZDJXNigXkOJRrPjWULTXIkoAJPqQm9JDYg.L6KlMs8sYPHVCCXXCONvkDag-z0fRhaCjrubIt8qoEIg.PNG.jjy5210/002.-%ED%95%9C%EA%B2%A8%EC%9A%B8%EC%9D%98-%EB%A7%8C%EC%B0%AC-%EB%9D%BC%EB%B9%84%EC%95%84%ED%83%80.png
 파일명 = patamabot\image\002.-한겨울의-만찬-라비아타.png
원 url = https://blogfiles.pstatic.net/MjAyMDA1MThfMzEg/MDAxNTg5Nzg4OTY4OTYy.GpQCgHZQV6d4QajD6N9jRLs_oHoUUlkrSb6zpSz3G3og.AxbM_4aZatriDiqpCHP_ALWAUPXq_rlbAG8FCe8YLyog.PNG.jjy5210/004.-%EB%B0%A4%EC%9D%98-%EC%97%AC%EC%99%95%EC%9D%98-%EC%B4%88%EB%8C%80.png
 파일명 = patamabot\image\004.-밤의-여왕의-초대.png
원 url = https://blogfiles.pstatic.net/MjAyMDA1MThfMTk5/MDAxNTg5Nzg4OTY5MzQ2.N2_ADvjPBwsTRlzGmtpImh2J39zkP2HG75raTd8hoPAg.DBweMFTwR2omH4_bdAsgx2oA8MdnCwNIekDfKUGF_hsg.PNG.jjy5210/006.-%EC%96%B4%EB%8D%9C%ED%8A%B8-%EB%9E%98%EB%B9%97.png
 파일명 = patamabot\image\006.-어덜트-래빗.png
원 url = https://blogfiles.pstatic.net/MjAyMDA1MThfMzIg/MDAxNTg5Nzg4OTcyMTQz.twQ20TdwcBALfi2pGNcAdjrIb1Zv1gY_neT7VP0RxH8g.p9dEy8vh0XrenI2Duk6V12iRAsxex5IIwGufzE5suXMg.PNG.jjy5210/007._%EB%A6%AC%EC%A0%9C%EC%9A%A9_%EA%B0%84%ED%98%B8%EC%82%AC%EB%B3%B5_%ED%8C%A9.png
 파일명 = patamabot\image\007._리제용_간호사복_팩.png
원 url = https://blogfiles.pstatic.net/MjAyMDA1MThfMTYx/MDAxNTg5Nzg4OTcyNDk0.kmEAo-W-CYjNTz4mRchcFMBr7wP41CiM1-ilf3KYtggg.s47H1i9pUl79_mC0oouOD9JNBBnOs0O5NiLo_4wxgA0g.PNG.jjy5210/007.-%EB%A6%AC%EC%A0%9C-%EC%9D%B8-%EB%8D%94-%EB%B2%A0%EB%93%9C.png
 파일명 = patamabot\image\007.-리제-인-더-베드.png
원 url = https://blogfiles.pstatic.net/MjAyMDA1MThfOCAg/MDAxNTg5Nzg4OTc2MDcw.B5MqT1IY_uz6FFrlDhFjZhpgk75OFgizqwaCDYw25oYg.p7oN_wBcXbrwGNfk1RF6VzP6kXUbLGI3HaQhAe5gNrsg.PNG.jjy5210/008._%EB%8B%A4%ED%94%84%EB%84%A4%EC%9A%A9_%EA%B0%84%ED%98%B8%EC%82%AC%EB%B3%B5_%ED%8C%A9.png
 파일명 = patamabot\image\008._다프네용_간호사복_팩.png
원 url = https://blogfiles.pstatic.net/MjAyMDA1MThfMTAy/MDAxNTg5Nzg4OTc2NDI5.U-6ePyiwnifGhI2mjui5BqXIIymy3WX9ew3dQ4kywP8g.a0WhCtfOkRe10UgstXYLU6kTEQ33lPbTv-cekCsbitMg.PNG.jjy5210/008.-%EB%8B%A4%ED%94%84%EB%84%A4-%EC%88%98%EC%98%81%EB%B3%B5.png
 파일명 = patamabot\image\008.-다프네-수영복.png
원 url = https://blogfiles.pstatic.net/MjAyMDA1MThfMzUg/MDAxNTg5Nzg4OTc2ODIy.2YbX8vUSBwpJ-qQniwn4iNt68RGnWjLR0mpyQ_0EyZog.-EAu9eMoKQp0aTYqPOdIYWpfGHyZ7QgtKONkOyaVt2Yg.PNG.jjy5210/012.-%EC%86%8C%EC%99%84%EC%88%98%EC%98%81%EB%B3%B5.png
 파일명 = patamabot\image\012.-소완수영복.png
원 url = https://blogfiles.pstatic.net/MjAyMDA1MThfMTg1/MDAxNTg5Nzg4OTc3MTQ4.JHCmdyTVMadxvLEUH5tFczh3eO9wSDNSUCeFZfD9kiUg.URw-6Uz0hNFG45zDxmbAVjJjtyd5NyVne2CGhogjfmEg.PNG.jjy5210/012.-%EC%86%8C%EC%99%84%EC%A7%84%EC%86%94.png
 파일명 = patamabot\image\012.-소완진솔.png
원 url = https://blogfiles.pstatic.net/MjAyMDA1MThfMTYg/MDAxNTg5Nzg4OTgxMzY3.5BLxDGdHq1xUdHEXodHEOc3oLHHK-SCCkZoKIhj0g8wg.okr8ndsZfNuzm9bEiPviI2pSSzkXziKbD7ahtJx2lNQg.PNG.jjy5210/015.-%EC%82%AC%EC%8A%B4%ED%8F%AC%ED%8B%B0%EC%95%84.png
 파일명 = patamabot\image\015.-사슴포티아.png
원 url = https://blogfiles.pstatic.net/MjAyMDA1MThfMjEy/MDAxNTg5Nzg4OTgxNjgy.ZpZdp_ucgcbHfR9YfPQXFgez5z_G8UjgBi3TbK4reC4g.ULOB_t8ZNSAM7AndO3c_QYLnNltnaC6ZcJ5iyJU0FE0g.PNG.jjy5210/016.-%EB%A9%94%EC%9D%B4%EB%93%9C.png
 파일명 = patamabot\image\016.-메이드.png
원 url = https://blogfiles.pstatic.net/MjAyMDA1MThfMTI3/MDAxNTg5Nzg4OTgyMDMy.Mf4MyU3JSPVbbCsPcjn-B5v-qdcRVPzMYWQDarx4G6gg.xqNdnIMxhWWsof7H1go1ry7tClvAiFXozN3ux_d4QTQg.PNG.jjy5210/016.-%EC%88%98%EC%98%81%EB%B3%B5.png
 파일명 = patamabot\image\016.-수영복.png
원 url = https://blogfiles.pstatic.net/MjAyMDA1MThfMTIz/MDAxNTg5Nzg4OTg0OTg4.GGIYashhrhJ-cKyFjb0e4F3pGxdvNIfs31JpXpOTeVUg.QWn3amtaBpGhvrtEPresjQoy2BUKgHqHBwFq6kssw2sg.PNG.jjy5210/017._%ED%95%9C%EC%97%AC%EB%A6%84%EC%9D%98_%ED%8E%98%EB%A1%9C.png
 파일명 = patamabot\image\017._한여름의_페로.png
원 url = https://blogfiles.pstatic.net/MjAyMDA1MThfMjg5/MDAxNTg5Nzg4OTg1MzA5.kHxxHzMpJrWexpN3CmLlWHmTYcm8YCQlBeZVoK8aOKsg.RgPxkJwJZQCBsu6ruoP7dTYDng5Jlvzd2LTtbAzCih0g.PNG.jjy5210/017.-%EC%9A%B0%EC%9C%A0%EB%8F%84%EB%91%91.png
 파일명 = patamabot\image\017.-우유도둑.png
원 url = https://blogfiles.pstatic.net/MjAyMDA1MThfMjM1/MDAxNTg5Nzg4OTg3NzI2.NyQYJqMpdUYPlWg1G-Z6dhxXgcUm2fl3CNXjFHNs06sg.T8eva7XownaF8HAk0Rly9BWrknuX9YoIhkOTt4hjB4wg.PNG.jjy5210/018._%EC%9C%84%ED%97%98%ED%95%9C_%EA%B0%80%EC%A1%B1_%EA%B2%AC%EC%8A%B5_%EB%A9%94%EC%9D%B4%EB%93%9C.png
 파일명 = patamabot\image\018._위험한_가족_견습_메이드.png
원 url = https://blogfiles.pstatic.net/MjAyMDA1MThfMTE0/MDAxNTg5Nzg4OTg4MTA0.9Kc_hpprumhrDxdZVAAKSfO5fSqbcQ4CUS8i1af48Z8g.AiP1tlEeIVa74K5em1KfL8bakZj0JD1wXnRNIUxhoOYg.PNG.jjy5210/019.-%EB%B4%84%EB%A7%9E%EC%9D%B4.png
 파일명 = patamabot\image\019.-봄맞이.png
원 url = https://blogfiles.pstatic.net/MjAyMDA1MThfMjU5/MDAxNTg5Nzg4OTg4NDI1.HdOAejgWm43MTI9Xrh3anvQKQw24NnwvnuL4ZfmAOHog.7DnsTufswKnVPrySaO3jIfht1PuEY1Wfih00g_x9k1gg.PNG.jjy5210/021._%EB%A7%88%EB%A6%AC%EC%9D%98_%EC%88%98%EC%A4%8D%EC%9D%80_%EA%B3%A0%EB%B0%B1_%ED%8C%A9.png
 파일명 = patamabot\image\021._마리의_수줍은_고백_팩.png
원 url = https://blogfiles.pstatic.net/MjAyMDA1MThfMjM5/MDAxNTg5Nzg4OTg4ODc1.w1wKet-7NcwP53ymWpICLZIjt-R7MzfjPzFY5ZAzx3Yg.JuM8ZNikjwfC_OEfY0w5JV4zXsax1gvQAOkww5sWxd4g.PNG.jjy5210/021.-%EB%9E%80%EC%A0%9C%EB%A6%AC.png
 파일명 = patamabot\image\021.-란제리.png
원 url = https://blogfiles.pstatic.net/MjAyMDA1MThfMTIx/MDAxNTg5Nzg4OTkxOTc1.2MB4hLl9l9vHfAZ-CWuhax1IIpiWa7L0vMwH8eNu3h4g.MUMm-VhuBrTvIWiu3FPymmm0WMqjDfW62mv2xXVMxWUg.PNG.jjy5210/023._%EB%A0%88%ED%94%84%EB%A6%AC%EC%BD%98%EC%9A%A9_%ED%95%98%EA%B3%84_%EC%A0%84%ED%88%AC%EB%B3%B5_%ED%8C%A9.png
 파일명 = patamabot\image\023._레프리콘용_하계_전투복_팩.png
원 url = https://blogfiles.pstatic.net/MjAyMDA1MThfMjIy/MDAxNTg5Nzg4OTk1MjQx.SQ-1apV8MmupwwYd0riNmcG7P28NeNKozB3OOgm3FIAg.PTLmsX6rf94BcvIgV5dcsAUd9re-ZeV432E44PtAQugg.PNG.jjy5210/025._%EB%B8%8C%EB%9D%BC%EC%9A%B0%EB%8B%88%EC%9A%A9_%ED%95%98%EA%B3%84_%EC%A0%84%ED%88%AC%EB%B3%B5_%ED%8C%A9.png
 파일명 = patamabot\image\025._브라우니용_하계_전투복_팩.png
원 url = https://blogfiles.pstatic.net/MjAyMDA1MThfMzcg/MDAxNTg5Nzg4OTk3NzQ5.8mbVWFXZn8fpCE6C3Hps_Xvsrs1w2nJgbDQvbpusyrog.9MIJZcN2pqG6RqKjMRLjAoGAvT1Jj4EDjViHRzjJRW0g.PNG.jjy5210/026._%ED%95%98%EA%B3%84_%EC%A0%84%ED%88%AC%EB%B3%B5_%EC%8B%A4%ED%82%A4.png
 파일명 = patamabot\image\026._하계_전투복_실키.png
원 url = https://blogfiles.pstatic.net/MjAyMDA1MThfMTE0/MDAxNTg5Nzg4OTk4MDUx.bo067wWGQEY4V92D0hYHrYx_upGm74kjdSybHkCBoHgg.AYR4QwkzRP55BBgjhNtAmWcEXvvwSD_tQnsjA7qjzw4g.PNG.jjy5210/027.-%ED%95%98%EA%B3%84%EC%A0%84%ED%88%AC%EB%B3%B5.png
 파일명 = patamabot\image\027.-하계전투복.png
원 url = https://blogfiles.pstatic.net/MjAyMDA1MThfMTMx/MDAxNTg5Nzg4OTk4NDQz.dPBfe7Pt7bzbXe0PNJQfzejCHl1aldzK7K7whlBVjwUg.b63B-bxwsHhhys61zgZEsAH0dlQwNc3mkVpOhiAHr2wg.PNG.jjy5210/028.-%EC%9C%84%ED%97%98%ED%95%9C%EA%B0%80%EC%A1%B1.png
 파일명 = patamabot\image\028.-위험한가족.png
원 url = https://blogfiles.pstatic.net/MjAyMDA1MThfMTcz/MDAxNTg5Nzg4OTk4ODQz.QgATVYQqmmUloM0xeHvwhnok402vdV9lwNCvJsOR3JQg.lmrZ-ui9EWThYj9qag5VmrLBDBvKjA4keGRrNxF7M4Yg.PNG.jjy5210/031.-%EB%A0%88%EC%9D%B4%EC%8B%B1.png
 파일명 = patamabot\image\031.-레이싱.png
원 url = https://blogfiles.pstatic.net/MjAyMDA1MThfMjk0/MDAxNTg5Nzg4OTk5MTcz.oy3jfyD1v38Loc1SaHyNUCSAVHhSoXASnJbICzQ4h3Ag.C6iMizVNScWHEJoAxZccCk6Ey-UqdwQdHe5pdRjahXQg.PNG.jjy5210/031.-%EB%B2%A0%EC%9D%B4%EB%B9%84%EB%8F%8C.png
 파일명 = patamabot\image\031.-베이비돌.png
원 url = https://blogfiles.pstatic.net/MjAyMDA1MThfNDQg/MDAxNTg5Nzg4OTk5NTEw.cTIwtQ7pAgq34S1CFMe6lLzTHf0nOlVhM9Cmux_u2BMg.ffhAcDBw93IvhAhUa1TjtIrCO7JWkth_ZoUaGUB07TEg.JPEG.jjy5210/032._1%EB%85%84.jpg
 파일명 = patamabot\image\032._1년.jpg
원 url = https://blogfiles.pstatic.net/MjAyMDA1MThfMjEw/MDAxNTg5Nzg5MDAyNjMw.x-VPRBkpseeWXCZNt1EbYYjpZs30bTqVfKjAlO2My94g.JLsMdGF06DEU5QUli-Caascr7ecytQn3vtXjmI_Fep4g.PNG.jjy5210/032._%ED%95%9C%EC%97%AC%EB%A6%84%EC%9D%98_%EB%B0%9C%ED%82%A4%EB%A6%AC.png
 파일명 = patamabot\image\032._한여름의_발키리.png
원 url = https://blogfiles.pstatic.net/MjAyMDA1MThfNDgg/MDAxNTg5Nzg5MDAzMDAw.CEm9L2swznOkvR89MRZRIjZkRNHB1qjAVDDfeZ-XslEg.vBoEp58GZHJth_sSigJtj_AYfeCAo6j2ckeAMMGFI7wg.PNG.jjy5210/032.-%EB%8F%84%EC%8B%9C%EC%95%94%EC%82%B4%EC%9E%90.png
 파일명 = patamabot\image\032.-도시암살자.png
원 url = https://blogfiles.pstatic.net/MjAyMDA1MThfMjU1/MDAxNTg5Nzg5MDAzMzgw.H5I3XSvXY7BMFYQfutjxowKlx1lZBhh2kHba0h2S-3wg.s2SDH9hP8RoAOWR0nXjVHya1v70XvK89GChdmT8qsWMg.PNG.jjy5210/033.-%ED%98%B8%EC%88%98%EC%9A%94%EC%A0%95.png
 파일명 = patamabot\image\033.-호수요정.png
원 url = https://blogfiles.pstatic.net/MjAyMDA1MThfMTA3/MDAxNTg5Nzg5MDAzNzk4.FUskPdN1rt28eR5q7kj_qj22VKDYgS2kLczBQazcWoIg.TF-NW1PDREU2ZU4duHewyIdeLpKq6U5ZlSk0lxFf2gkg.JPEG.jjy5210/037._%EB%B0%B1%EC%9E%91.jpg
 파일명 = patamabot\image\037._백작.jpg
원 url = https://blogfiles.pstatic.net/MjAyMDA1MThfMTc5/MDAxNTg5Nzg5MDA0MjI0.hLQRYnhDa6YcmmngXO1cAzjgyE56dGCxmjxwojEjxnsg.CFQNw573UIdvOMq_dnO3JOaiMYfs2bvYijxsiRvSkoQg.PNG.jjy5210/041.-%ED%8D%BC%EB%A0%88%EC%9D%B4%EB%93%9C.png
 파일명 = patamabot\image\041.-퍼레이드.png
원 url = https://blogfiles.pstatic.net/MjAyMDA1MThfMjg3/MDAxNTg5Nzg5MDA0NTc1.2F0C9FGOoQkRbCFw_ItgHEinAuL1grnHi3K36ZSLOMsg.a7nl_TZSKVINXMdjmHdsFUxXCa_xzaqp60zU2Nkyml8g.PNG.jjy5210/043.-%EB%B2%84%EC%B9%B4%EB%8B%88%EC%96%B4.png
 파일명 = patamabot\image\043.-버카니어.png
원 url = https://blogfiles.pstatic.net/MjAyMDA1MThfMzAg/MDAxNTg5Nzg5MDA1MDk1.ZAEuI3zXcQoOQe69veZFdiTUA-ECFuL5OdsBzgLOK48g.0kWZEpbD2xwlzukS_AfG2DZeazdgvtkVc35LhpSl4Zwg.JPEG.jjy5210/044._%ED%95%9C%EA%B2%A8%EC%9A%B8%EC%9D%98_%EC%B2%9C%EA%B5%AD.jpg
 파일명 = patamabot\image\044._한겨울의_천국.jpg
원 url = https://blogfiles.pstatic.net/MjAyMDA1MThfMTkw/MDAxNTg5Nzg5MDA4NDM2.b9d38KavqxwghrluG3eIEwUjjIvfUlAxKmFEtTpLvHkg.Fy2tQSNVo_cxBE8pH7jnYyKp0H3U52sxsH9bCXO1lTcg.PNG.jjy5210/051._%EB%A9%94%EC%9D%B4%EC%9D%98_%ED%8F%AD%EB%B0%9C%ED%95%98%EB%8A%94_%EC%82%AC%EB%9E%91_%ED%8C%A9.png
 파일명 = patamabot\image\051._메이의_폭발하는_사랑_팩.png
원 url = https://blogfiles.pstatic.net/MjAyMDA1MThfMjM1/MDAxNTg5Nzg5MDA4ODQw.B7s1yQN_Pf_LtYiZJFS1-5I9blI2JCg3UqfbYJUqfIUg.i0x3l65K9f0iXmgiBYgEy-8KQ6YBlyScsViK23lWOg0g.JPEG.jjy5210/051._%EC%9B%A8%EB%94%A9.jpg
 파일명 = patamabot\image\051._웨딩.jpg
원 url = https://blogfiles.pstatic.net/MjAyMDA1MThfMTA5/MDAxNTg5Nzg5MDA5MTM5.rxFkwjMhPnsOb8If-54mhVca9YrOTcrxOm6T6UTQgt0g.vSRJ-702nKT41eVbFAshOaG2ypWKtn1_qQ1KRe3lQPQg.PNG.jjy5210/051.-%EC%95%84%ED%86%A0%EB%AF%B9.png
 파일명 = patamabot\image\051.-아토믹.png
원 url = https://blogfiles.pstatic.net/MjAyMDA1MThfMjQy/MDAxNTg5Nzg5MDA5NTc4.rg56TRZZZopVAwDgeCNXeWWZsHihjmIr_aXqemgWAlog.nwIVoV2x665O_AhjDQGbab9ddU_eYSr96ki3PgMajQog.PNG.jjy5210/052._%EC%88%98%EC%98%81%EB%B3%B5.png
 파일명 = patamabot\image\052._수영복.png
원 url = https://blogfiles.pstatic.net/MjAyMDA1MThfMjA0/MDAxNTg5Nzg5MDA5OTc3.H5tX1kX7NvRfQO5NRjAB6I9cjvancyMLUNMVaLWhBpgg.yOuSiDkFl0fOSkzY9R5MatVxdUNRtJXes2LTv4RjmHIg.PNG.jjy5210/053.-%EC%8B%A0%ED%98%BC.png
 파일명 = patamabot\image\053.-신혼.png
원 url = https://blogfiles.pstatic.net/MjAyMDA1MThfMTc5/MDAxNTg5Nzg5MDEwMzc5.l6kF4hdCg-JYP_ZMNFYQ5EgLqpFcDP0UqwV1GBNYl00g.jX58xXmjOBp519rOmFzvmUcBLkrgsqth5nToRDbVYhQg.PNG.jjy5210/066.-%ED%95%B4%EB%B3%80.png
 파일명 = patamabot\image\066.-해변.png
원 url = https://blogfiles.pstatic.net/MjAyMDA1MThfMjY2/MDAxNTg5Nzg5MDEwNzIz.SkbVtYlkotKuw2oHukHeidylGpx1HCJZ5IosxeMKgIUg.2UcmTSDHTkvLhmmnll5aPBik0jfNC485SEgdb_s5aE8g.PNG.jjy5210/067.-%EB%B0%94%EB%8B%A4%EC%82%AC%EB%83%A5%EA%BE%BC.png
 파일명 = patamabot\image\067.-바다사냥꾼.png
원 url = https://blogfiles.pstatic.net/MjAyMDA1MThfMjEw/MDAxNTg5Nzg5MDEzOTA0.OeOM7mTth-bdlsdYgLXMQn61RB12DX8AsGkjb7zOLG4g.TNlDlJQ-nIcRqBWT4l6WMz1ymNvYYhDMhD58cKErwIQg.PNG.jjy5210/068._%EC%9C%84%ED%97%98%ED%95%9C_%EA%B0%80%EC%A1%B1__%EC%8B%A0%EC%9E%85%EC%83%9D_%EC%97%90%EB%B0%80%EB%A6%AC.png
 파일명 = patamabot\image\068._위험한_가족__신입생_에밀리.png
원 url = https://blogfiles.pstatic.net/MjAyMDA1MThfMjA1/MDAxNTg5Nzg5MDE0MjQz.pN47JiUioynTzRwPIoGc3Vi_8x17j06zesYc4q9zAikg.CUkYGMPa1y4v6VeMuMdt4xTr5gE89iUd5Z_Rw4OVvv4g.PNG.jjy5210/071.-%EB%B2%A0%EC%9D%B4%EB%B9%84%EB%8F%8C.png
 파일명 = patamabot\image\071.-베이비돌.png
원 url = https://blogfiles.pstatic.net/MjAyMDA1MThfMTQy/MDAxNTg5Nzg5MDE0NjYy.TUnMYN4_4t0s6qwbaRDVbTa44ZgEwjrH5lrvRaatdvkg.7rXvVcoT-cKHoup_xufb0qvWEw5hO4wu3HbV-FPEL7Yg.PNG.jjy5210/071.-%EC%8A%A4%ED%8A%9C%EC%96%B4%EB%94%94%EC%8A%A4.png
 파일명 = patamabot\image\071.-스튜어디스.png
원 url = https://blogfiles.pstatic.net/MjAyMDA1MThfMjgg/MDAxNTg5Nzg5MDE1MTE1.mYck6U-1IO75nik42a3fXMh_Dh4ufVc9MA6FNhIVqo0g.nThSK0vLzP_pj2WQd67t5pytRofdoYG6wPJdZ-Y5PW0g.JPEG.jjy5210/074._%ED%95%9C%EA%B2%A8%EC%9A%B8%EC%9D%98_%EC%84%A0%EB%AC%BC%EC%83%81%EC%9E%90_%EC%97%90%ED%82%A4%EB%93%9C%EB%82%98.jpg
 파일명 = patamabot\image\074._한겨울의_선물상자_에키드나.jpg
원 url = https://blogfiles.pstatic.net/MjAyMDA1MThfMTI2/MDAxNTg5Nzg5MDE1NDQ3.IdRnhPgfbXPCg8o3HrqmC4PJZF2F0t_iw4GLJ_xJQWQg.iJwA4RFr3KxN60jkDqEHwR16A7yioNlAxKbXEBJNkTwg.PNG.jjy5210/076.-%EC%84%B1%EC%9E%A5.png
 파일명 = patamabot\image\076.-성장.png
원 url = https://blogfiles.pstatic.net/MjAyMDA1MThfMjk0/MDAxNTg5Nzg5MDE4OTI4.J0_ypvvUd-2dROvP2CEopuLGT0Gmtt1_PaMkJCRbSukg.xp0cpIGGJmBI6j_L3mpD-gUflIc4AjvcSfGEJ4H8k60g.PNG.jjy5210/077._%EC%97%90%EC%9D%B4%EB%AF%B8%EC%9A%A9_%EC%A0%84%ED%88%AC%EC%88%98%ED%8A%B8_%ED%8C%A9.png
 파일명 = patamabot\image\077._에이미용_전투수트_팩.png
원 url = https://blogfiles.pstatic.net/MjAyMDA1MThfOCAg/MDAxNTg5Nzg5MDE5MzE3.vQ-3vApxdS0_9hdyGoKv79O_BScKwKGZmm1Uql-Xj90g.C3rrF1lT5XhFgLhfdtzXCwdHyWRUGVwlrwTkDY4x9asg.PNG.jjy5210/078.-%EC%B2%B4%EC%A1%B0%EB%B3%B5.png
 파일명 = patamabot\image\078.-체조복.png
원 url = https://blogfiles.pstatic.net/MjAyMDA1MThfMTA2/MDAxNTg5Nzg5MDE5NjU3.E9hp2TR8qUF4VdlSxSCE_LyuLTyB3BgXJMrzey_qQtIg.g0i5nnz8M8u9S2O35YDimdQfBqf-o4cc7abor4dNejcg.PNG.jjy5210/080.-%EC%9B%A8%EB%94%A9.png
 파일명 = patamabot\image\080.-웨딩.png
원 url = https://blogfiles.pstatic.net/MjAyMDA1MThfOTQg/MDAxNTg5Nzg5MDIwMDY5.1f5oB-705BQqsInA22a6TRt40td_bZ2Rl3TC4JiYwmcg.MbkS_GrkUXQ0o9KGKb9ZugA79M2LchOIjA4uHYF8ptkg.PNG.jjy5210/081.-%EC%83%9D%EA%B0%81.png
 파일명 = patamabot\image\081.-생각.png
원 url = https://blogfiles.pstatic.net/MjAyMDA1MThfNTcg/MDAxNTg5Nzg5MTIxOTYx.aK3-rvv3gwhlcp3uax1K55k7a4ju4XFe0rxUrz_H3fEg.k1mSOIN1Y7EZhjPquSAU5XHsJM2ZGWpvpu1Ik-U4dCIg.PNG.jjy5210/082.-%EC%B4%88%EC%BD%9C%EB%A6%BF.png
 파일명 = patamabot\image\082.-초콜릿.png
원 url = https://blogfiles.pstatic.net/MjAyMDA1MThfMjk5/MDAxNTg5Nzg5MTIyMzA4.0a7hoquyotqjKiBDLDBDp9IO_YfeD5eFMB5MQy0O-S4g.SjUcfLaIRRiD1_lBCnLUznFXGpMsa_nZDODW2DLD6_Mg.PNG.jjy5210/083.-%EA%B3%A1%EC%98%88.png
 파일명 = patamabot\image\083.-곡예.png
원 url = https://blogfiles.pstatic.net/MjAyMDA1MThfMTg1/MDAxNTg5Nzg5MTIyNjYx.cNB1kz9tZgEq0PSL-ljkSoJbHEUfzPOc_QEZXKcrTE8g.MtyzfE0Hbt_o5MLKpiJtfHbg8O62TLcJhrhjR7fTvE0g.PNG.jjy5210/084.-%EC%8A%A4%EC%9B%A8%ED%84%B0.png
 파일명 = patamabot\image\084.-스웨터.png
원 url = https://blogfiles.pstatic.net/MjAyMDA1MThfMTk2/MDAxNTg5Nzg5MTIyOTk5.vU_Hh1Pdx37gi95Gzt-uLaPqJMehUqi5oO9FBxwle5kg.h9P6mWvxtHIhngfoPgJzaaHng59TJsbpegyyukY4Je0g.JPEG.jjy5210/088._%ED%95%9C%EA%B2%A8%EC%9A%B8%EC%9D%98_%EC%B9%98%EC%A6%88%EC%BC%80%EC%9D%B5_%EC%9A%B4%EB%94%94%EB%84%A4.jpg
 파일명 = patamabot\image\088._한겨울의_치즈케익_운디네.jpg
원 url = https://blogfiles.pstatic.net/MjAyMDA1MThfMTYg/MDAxNTg5Nzg5MTIzMzU2.ydo3-gThvRk4PgIXjOzjEDNE8GxdbBMtooywdh8ti2Eg.BDUEx9Ibedcrfc_g_Ru_KyIyWUKjgd9h4VjFWM0Nergg.JPEG.jjy5210/089._%EC%9B%90%ED%94%BC%EC%8A%A4.jpg
 파일명 = patamabot\image\089._원피스.jpg
원 url = https://blogfiles.pstatic.net/MjAyMDA1MThfMTc1/MDAxNTg5Nzg5MTIzNjk4.XQGy4u0yH5UOSdGbx-bB618iARZmuqZDiiie4vQf9DQg.asLN8wZCWaPD1rSkKT-IXqwjkbsr842j_oBUtB_8gxUg.PNG.jjy5210/091._%ED%95%9C%EC%97%AC%EB%A6%84%EC%9D%98_%EC%8A%88%ED%8C%85%EC%8A%A4%ED%83%80.png
 파일명 = patamabot\image\091._한여름의_슈팅스타.png
원 url = https://blogfiles.pstatic.net/MjAyMDA1MThfMjI1/MDAxNTg5Nzg5MTI0MDMw.Vx_hmvt3uw_D8uPLcgfYZcj0qgCUo4LGJPE5ljPHuhwg.3mxigJ6psIOrxGiheYwLpF6s3L-JXf3nh9yClgzMjLwg.PNG.jjy5210/091.-%EC%8A%88%ED%8D%BC%EC%8A%A4%ED%83%80.png
 파일명 = patamabot\image\091.-슈퍼스타.png
원 url = https://blogfiles.pstatic.net/MjAyMDA1MThfMjM5/MDAxNTg5Nzg5MTI3MzE5.T9vqE8shSv-7WWasGRsYkqNyUZRSKIZvC4JkWP2sK1Ig.HFbjHvh2j6033_NiK36z0Xd8NNulTR4lIffBG38NjLcg.PNG.jjy5210/092._%EA%B7%B8%EB%A6%AC%ED%8F%B0%EC%9A%A9_%EC%98%88%EC%9E%A5%EB%B3%B5_%ED%8C%A9.png
 파일명 = patamabot\image\092._그리폰용_예장복_팩.png
원 url = https://blogfiles.pstatic.net/MjAyMDA1MThfMTc4/MDAxNTg5Nzg5MTI4NTEx.RW4OrfatlNBOQaUVKAqZhijduultQMwMhAHBm6HbO_Ag.jKafN-sAALJR872pqy2n3_5XnjN-UIGpbd5MJ0DdbTEg.JPEG.jjy5210/095._%ED%95%9C_%EB%B0%9C_%EB%8A%A6%EC%9D%80_%EC%82%B0%ED%83%80.jpg
 파일명 = patamabot\image\095._한_발_늦은_산타.jpg
원 url = https://blogfiles.pstatic.net/MjAyMDA1MThfODgg/MDAxNTg5Nzg5MTMxMjk4.tQbNmm3d54dsc57BHubwkYQX7hBR3h7jFDnEjR7UV9Ag.6V19eR9_b3pSkJcAuLRUOmgsdVA8zL-07yvG9FManQgg.PNG.jjy5210/096._%EB%B6%88%EB%9F%89%EC%86%8C%EB%85%80_%EA%B0%99%EC%9D%80_%EA%B2%8C_%EC%95%84%EB%8B%88%EC%95%BC.png
 파일명 = patamabot\image\096._불량소녀_같은_게_아니야.png
원 url = https://blogfiles.pstatic.net/MjAyMDA1MThfMjUz/MDAxNTg5Nzg5MTMxNjY0.jwb8PyPxkaSzesTF5VMaPjYjSR8n3-xmQbFZsBGDvbsg.SWzotJrppir6UFssBmEQX4R7M1KDyBjE6t4GlAawRRAg.PNG.jjy5210/106.-%EB%93%9C%EB%A0%88%EC%8A%A4.png
 파일명 = patamabot\image\106.-드레스.png
원 url = https://blogfiles.pstatic.net/MjAyMDA1MThfMjMy/MDAxNTg5Nzg5MTM0NjAy.re9XQKp6fmVAwQ-wnhj2L8J0T8-d3cf8F1LofnEVLgcg.SH5pvgU6iZK3ER-oRX9bSiG_QTVwF1_ltY8W-DYNUr0g.PNG.jjy5210/108._%EB%8D%94%EC%B9%98%EA%B1%B8%EC%9A%A9_%ED%96%89%EC%82%AC%EC%9A%A9_%EB%B3%B5%EC%9E%A5_%ED%8C%A9.png
 파일명 = patamabot\image\108._더치걸용_행사용_복장_팩.png
원 url = https://blogfiles.pstatic.net/MjAyMDA1MThfMTQz/MDAxNTg5Nzg5MTM3NjE2.x6Pd9tvaoulSLTsSEOk1SovZqPs6gEiEWvIgkOBjqCsg.FlNAU2u_Y7nxRKrKzY5FtMo5U8grl6BdEEGFKrLeLs0g.PNG.jjy5210/109._%EB%A7%A4%EC%A7%80%EC%BB%AC_%EB%9E%98%EB%B9%97_%ED%8A%B8%EB%A6%AC%EC%95%84%EC%9D%B4%EB%82%98.png
 파일명 = patamabot\image\109._매지컬_래빗_트리아이나.png
원 url = https://blogfiles.pstatic.net/MjAyMDA1MThfMTYw/MDAxNTg5Nzg5MTM3OTQ3.bHkXrAcsw7XXWrax85vwq0ozBiz1RXH_h4fDs6Ek9hgg.A92L6T2vc9-DCqx8zSDc2uYZwu-4Z2zD4nxrwWypOIQg.PNG.jjy5210/111.-%EC%88%98%EC%98%81%EB%B6%80.png
 파일명 = patamabot\image\111.-수영부.png
원 url = https://blogfiles.pstatic.net/MjAyMDA1MThfMTA4/MDAxNTg5Nzg5MTM4MjU1.8rAxRKoXIaWd7N8w-DGVFtK80KuTJ-mVcBBb_rZ-PDAg.gvkM81WM9DpnGZ74uFxSgpHMi4ssCnfsxCrQZuqWvMEg.PNG.jjy5210/113.-%EC%9D%98%EC%9E%A5%EB%8C%80.png
 파일명 = patamabot\image\113.-의장대.png
원 url = https://blogfiles.pstatic.net/MjAyMDA1MThfMjA3/MDAxNTg5Nzg5MTM4NTk3.loqs9pW3l7KlyBfT-TNqP34O8TYXhp4MRsRT5ZQ2rH4g.LdQPka8S0-ITtKkVhQimC-y_RgiEgWZRTY909lsBspog.PNG.jjy5210/113.-%ED%95%B4%EB%B3%80.png
 파일명 = patamabot\image\113.-해변.png
원 url = https://blogfiles.pstatic.net/MjAyMDA1MThfMTU1/MDAxNTg5Nzg5MTQwNjYz.5RPqG8S-HxeRsGuHtFha0YypoR13cA5f-rJWgznYCe4g.QEbzO-S2Ab3tuQ187WLkbTXpDuxnvctSXTAn5V3dF8wg.PNG.jjy5210/114._%EB%AC%B4%EB%8C%80%EC%B4%AC%EC%98%81%EC%9A%A9_%EC%BB%A4%EC%8A%A4%ED%85%80_%EB%9E%A8%ED%8C%8C%ED%8A%B8_%ED%8C%A9.png
 파일명 = patamabot\image\114._무대촬영용_커스텀_램파트_팩.png
원 url = https://blogfiles.pstatic.net/MjAyMDA1MThfMzAg/MDAxNTg5Nzg5MTQyNzI5.HkeTRT6B135BhfwAKgzo-HlVgoZCwHsyNcd_8Oqje_Ig.E7L9OpvHIGl_F87hsBNBR-SX_FENDTSI5aMOt19PVIQg.PNG.jjy5210/116._%ED%95%9C%EC%97%AC%EB%A6%84%EC%9D%98_%EC%95%84%EB%A5%B4%EB%B0%94%EC%9D%B4%ED%8A%B8.png
 파일명 = patamabot\image\116._한여름의_아르바이트.png
원 url = https://blogfiles.pstatic.net/MjAyMDA1MThfMjQz/MDAxNTg5Nzg5MTQzMTAw.kOH6Dx2L8agzi3-IB9VcTx98AB6AfKl64FMGaB-XGhwg.uhdY-H9KuvxgTNcjWTBjS3FgDZtGp6NDlVHCcrtxlmwg.PNG.jjy5210/117.-%EC%A0%95%EB%B9%84%EA%B3%B5.png
 파일명 = patamabot\image\117.-정비공.png
원 url = https://blogfiles.pstatic.net/MjAyMDA1MThfMTU1/MDAxNTg5Nzg5MTQ1ODY0.SzLMa6OEVqQaiVSKA1Ooqh0LACQ77fjjr2EEetuA0nog.EAHxo0BT-3rlzdiMuADio2AskFnSU8v7z2IdDEm2fg8g.PNG.jjy5210/118._LRL%EC%9A%A9_%EA%B3%A0%EB%94%95_%EB%93%9C%EB%A0%88%EC%8A%A4_%ED%8C%A9.png
 파일명 = patamabot\image\118._LRL용_고딕_드레스_팩.png
원 url = https://blogfiles.pstatic.net/MjAyMDA1MThfMzUg/MDAxNTg5Nzg5MTQ2MjQw.Rm1U7Q8y153ZlYQX4vYwUjM1EODoZDbCSG2brxBKukQg.MU8Lqp0DAOcmqbQND_fj3aEs7uOcPnWaBouyCkG4Iwkg.PNG.jjy5210/120.-%EC%88%98%EB%A0%A8%ED%9B%84.png
 파일명 = patamabot\image\120.-수련후.png
원 url = https://blogfiles.pstatic.net/MjAyMDA1MThfMjM4/MDAxNTg5Nzg5MTQ2NTE4.eoxBiQMfeT7F-RhcJa76C5fReRV6qvLD42n64w-hjO4g.rft3nBojkqomc9JbAo1PtuvpzkOO3S2_gclpP0Id714g.PNG.jjy5210/122.-%EC%9C%84%ED%97%98%ED%95%9C%EA%B0%80%EC%A1%B1.png
 파일명 = patamabot\image\122.-위험한가족.png
원 url = https://blogfiles.pstatic.net/MjAyMDA1MThfMjA3/MDAxNTg5Nzg5MTQ4ODU4.fIzPHbGgQlHk-koP3vY8w2BRI6x3KvoIZb7Pd2Xtl3sg.3hj4PA-sVq0f6DSAB_bnGtNvMSL9AedwB81ZcmZAG7sg.PNG.jjy5210/123._%EB%A7%A4%EC%A7%80%EC%BB%AC_%EB%9E%98%EB%B9%97_%EB%AA%A8%EB%AA%A8.png
 파일명 = patamabot\image\123._매지컬_래빗_모모.png
원 url = https://blogfiles.pstatic.net/MjAyMDA1MThfMjAw/MDAxNTg5Nzg5MTQ5MjIw.KmEToXbdMvsxelFay4qZrkQarOC8dfRoqOKQ88cH3xcg.BSRNxDOO4bc_XlEGb3IfA3OhWKIIuuAE9xnJCWsikTEg.PNG.jjy5210/124._%EB%8B%A4%EB%A5%B8_%EC%9A%B4%EB%AA%85%EC%9D%98_%EC%B9%BC%EB%A6%AC%EC%8A%A4%ED%86%A0.png
 파일명 = patamabot\image\124._다른_운명의_칼리스토.png
원 url = https://blogfiles.pstatic.net/MjAyMDA1MThfMzcg/MDAxNTg5Nzg5MTQ5NTY4.A7P78NmJL-SRaiOhvN_iTuP9XGOQrS-vok2aO85ksecg.5zOh1CanfSR-hOy0RT60URuU2tmIlGFqQoaHoag26zog.PNG.jjy5210/125.-%EB%8C%80%ED%96%89%EC%9E%90.png
 파일명 = patamabot\image\125.-대행자.png
원 url = https://blogfiles.pstatic.net/MjAyMDA1MThfMjYz/MDAxNTg5Nzg5MTQ5ODk3.60mIEuT3OSJAWhoaiOXx1lWxXuttz0tIhOvHZ-KejC4g.pylcrp2j-4JUiEHM93PnR2JUHYBYRWznRipFHas-azgg.PNG.jjy5210/125.-%EB%B9%84%ED%82%A4%EB%8B%88.png
 파일명 = patamabot\image\125.-비키니.png
원 url = https://blogfiles.pstatic.net/MjAyMDA1MThfMjcw/MDAxNTg5Nzg5MTUwMjA4.l9269pLzYEFcJgaL5kYUL8Sk2xmegaYoObOjNFJGne8g.BDjIhPN-Qrw4zAu4-q2J8GpkwcECDAm97OkhMCakotgg.PNG.jjy5210/126.-%EB%B0%98%EB%A0%A4.png
 파일명 = patamabot\image\126.-반려.png
원 url = https://blogfiles.pstatic.net/MjAyMDA1MThfMjQ3/MDAxNTg5Nzg5MTUwNTc5.YGykN8rbd5v-KsSyxvB3xeH0q6xneHB5moLizEnr-IAg.4-ydsMgpZKv71ilv2Mei2IYZf-lXEv1DNqWAboP4WiYg.PNG.jjy5210/127.-%EB%B9%84%EC%8A%A4%ED%8A%B8.png
 파일명 = patamabot\image\127.-비스트.png
원 url = https://blogfiles.pstatic.net/MjAyMDA1MThfMTk1/MDAxNTg5Nzg5MTU0MTM3.Us9fDNkf6ud0Pn_VaRZbC2e9IqrQamj2Uq5JY7KvaJIg.H-q3AQfG2-96MRn5hzidTB2SxZ1ZzkEYBIlfygoDvM8g.PNG.jjy5210/129._%EC%B6%94%EA%B8%B0%EA%B2%BD%EB%8B%98%EC%9D%80_%EC%84%A0%EB%8F%84%ED%95%98%EA%B3%A0_%EC%8B%B6%EC%96%B4.png
 파일명 = patamabot\image\129._추기경님은_선도하고_싶어.png
원 url = https://blogfiles.pstatic.net/MjAyMDA1MThfODYg/MDAxNTg5Nzg5MTU0NTEx.alStcZfBUxnO4RXeOi0PRew01w_M2KhLUXiyhBd_gDgg.RBs_7KpwyCZjdLp5cuo3DYlaLK5Dgk8P_QD4Jpz6zBUg.PNG.jjy5210/131.-%EC%B9%98%EC%96%B4%EB%9E%98%EB%B9%97.png
 파일명 = patamabot\image\131.-치어래빗.png
원 url = https://blogfiles.pstatic.net/MjAyMDA1MThfNjAg/MDAxNTg5Nzg5MTU0OTE4.kKAD1YPUuBVZWtXh8ZECvAs9XJdygtljV9_9SJm8zhYg.BaaBFHvaxJnuNIXhzF-tX0ychuYMkjVI0FNK_G9u750g.PNG.jjy5210/133.-%EC%B9%B4%EC%9A%B0%EA%B1%B8.png
 파일명 = patamabot\image\133.-카우걸.png
원 url = https://blogfiles.pstatic.net/MjAyMDA1MThfMjE3/MDAxNTg5Nzg5MTU1MjY0.CnNRRcTCxqNm1PUxVniRFcBmgWZuYNJOpqFenSFhYg8g.nvpGRej4h-86NzWf7bppw9KOhrbd8h4LKTlvihGgsXUg.PNG.jjy5210/134.-%EC%8B%AC%EB%B3%B5.png
 파일명 = patamabot\image\134.-심복.png
원 url = https://blogfiles.pstatic.net/MjAyMDA1MThfMTUg/MDAxNTg5Nzg5MTU1NjEy.bj_KSfn1EuR5etfq3ldSmBiPHC0e_9-hM4J31VOfYOAg.y0TvrJzGnEI7YK23aHvhZkOYlrLm8A-09e_ZCk9JtHUg.PNG.jjy5210/135.-%EC%B9%B4%EC%9A%B0%EA%B1%B8.png
 파일명 = patamabot\image\135.-카우걸.png
원 url = https://blogfiles.pstatic.net/MjAyMDA1MThfMTk5/MDAxNTg5Nzg5MTU1OTU5.B5X3qfyVbpj7X-zeN_rPxckg7EmZj0NB4VLA8adF3Kgg.aGT34TaFCZTsCbmlyrLiS7mhGgCf6YGkWJIIHzU8-WIg.PNG.jjy5210/137.-%EA%B0%B8%EB%A3%A8.png
 파일명 = patamabot\image\137.-갸루.png
원 url = https://blogfiles.pstatic.net/MjAyMDA1MThfNjYg/MDAxNTg5Nzg5MTU2MzMy.lKA90Xny4VEDbbpEDPnJkT4_NJuop6O1F_Bx7H3olJ4g.M2PDTiza1sSzawDgwNuYsluzLMLNKhTG6VO91TNRgRwg.PNG.jjy5210/147.-%EB%B4%84%EB%A7%9E%EC%9D%B4.png
 파일명 = patamabot\image\147.-봄맞이.png
원 url = https://blogfiles.pstatic.net/MjAyMDA1MThfMTA3/MDAxNTg5Nzg5MTU2NzI3.uDcb97tQ5hAQMQ6CGQsWjQL8_KBCIbKlAJ7p5PT6zyMg.uVw-PTaW7Tx-S8VP39yLBYdU--vNvRWyEBZyndBUNhcg.JPEG.jjy5210/149._%EB%A9%94%EC%9D%B4%EB%93%9C.jpg
 파일명 = patamabot\image\149._메이드.jpg
원 url = https://blogfiles.pstatic.net/MjAyMDA1MThfMTIx/MDAxNTg5Nzg5MTU3MTUy.qmXr_bmy8eod9pjZZZwPvJFR8G4wzcaHVnqOfxY03Fgg.6idC3Bi6LAku1WHHy7t-i_O1JbBhO0AchnF0MXK_eisg.PNG.jjy5210/171.-%EB%A7%A4%EC%A7%80%EC%BB%AC.png
 파일명 = patamabot\image\171.-매지컬.png
원 url = https://blogfiles.pstatic.net/MjAyMDA1MThfNDIg/MDAxNTg5Nzg5MTU3NjU1.bThQI3otFvTvZpI57TgL9NdESO64uoDseQjKLK9KoCYg.4Btp2cQFI_NKXlEIqsbLTNh3SsTXqTwS4VQb1QUDEukg.JPEG.jjy5210/201._%EC%88%98%ED%98%B8%EA%B8%B0%EC%82%AC.jpg
 파일명 = patamabot\image\201._수호기사.jpg
원 url = https://blogfiles.pstatic.net/MjAyMDA1MThfMTcw/MDAxNTg5Nzg5MTU4MDMw.FclqMzoFoFjlvcQCsbjbm9tbVvRRzjIhEpiT5gqZiOwg._uddUzpplIR8iLrfQRibLhKjG38nMegr6f21BYo2IJYg.JPEG.jjy5210/202._%ED%95%9C%EA%B2%A8%EC%9A%B8%EC%9D%98_%EC%A0%95%EB%A0%B9_%EC%85%80%EC%A3%BC%ED%81%AC.jpg
 파일명 = patamabot\image\202._한겨울의_정령_셀주크.jpg
원 url = https://blogfiles.pstatic.net/MjAyMDA1MThfODcg/MDAxNTg5Nzg5MTU5MDc3.wuDx27nvjvD0efOeGjfNvKmXWJAO78xIrhRWlzy0Pwsg.tvy0lsHjvRS8FKHiU3iBY-Sdt_yWNskvsjfMql5oRDog.PNG.jjy5210/203._%ED%95%9C%EC%97%AC%EB%A6%84_%EC%8B%AC%ED%95%B4%EC%9D%98_%EA%B3%B5%ED%8F%AC.png
 파일명 = patamabot\image\203._한여름_심해의_공포.png
원 url = https://blogfiles.pstatic.net/MjAyMDA1MThfMTQ3/MDAxNTg5Nzg5MTYxODI1._0Nh8pkOMw26K07A8wTNRfZLQWFJ2nerRGmT9GzywgQg.60YXAxL5S7hqbu7z_IwglZB2yjx9HJAJ7plj1A7wp90g.PNG.jjy5210/%EC%95%8C%EB%A0%89%EC%82%B0%EB%93%9C%EB%9D%BC%EC%9A%A9_%EC%A1%B0%EB%A0%A8%EB%B3%B5_%ED%8C%A9.png
 파일명 = patamabot\image\알렉산드라용_조련복_팩.png
원 url = https://blogfiles.pstatic.net/MjAyMDA1MjJfMjI1/MDAxNTkwMTMxMzQ4ODk0.tJQ62sHvm5r8Q1oz8ai9KyxoWaVve_UJpX2GgaRfmkUg.4FOzILst417-ITcRRIsv93fv7-0n-HIv3tbNkq9wKd8g.JPEG.jjy5210/082._%EC%B2%AB%EC%82%AC%EB%9E%91%2C_%EB%81%9D%EC%82%AC%EB%9E%91.jpg
 파일명 = patamabot\image\082._첫사랑,_끝사랑.jpg
원 url = https://blogfiles.pstatic.net/MjAyMDA1MjJfMTIz/MDAxNTkwMTMxMzQ5NTUz.WbrybuEICWgnNTsaWLniN0sAuqF8wQiICyp9ldyPCR8g.yoUMvGWL8AoKrBWJKozUww5MBVBp6Ctc0Mhxbh8bcfcg.PNG.jjy5210/006.-%EC%9A%94%EC%A0%95%EC%97%AC%EC%99%95.png
 파일명 = patamabot\image\006.-요정여왕.png
원 url = https://blogfiles.pstatic.net/MjAyMDA1MjJfMTcy/MDAxNTkwMTMxMzUwMDEx.tkzCyEFU1zGBuTXzmQO51o39wanWllG3ox7O7NukN6cg.erHDDoOr5mjCqmbja5rETa5UUB2L5S65AzFZfN4w3Sgg.PNG.jjy5210/060._%EC%9D%B4_%EB%A7%88%EC%9D%8C%EC%9D%84_%EA%B7%B8%EB%8C%80%EC%97%90%EA%B2%8C.png
 파일명 = patamabot\image\060._이_마음을_그대에게.png
원 url = https://blogfiles.pstatic.net/MjAyMDA2MDVfMTQ0/MDAxNTkxMzMzMDk5ODI1.boUOxx22SizXvuekNEZAW3Ib5Y82OBqKvXPHihsbPJog.hyGZowoDt1Eyz3FYO2jSmRI83ptNABZZCYkBcXf2gnMg.PNG.jjy5210/KakaoTalk_20200605_134615133_02.png
 파일명 = patamabot\image\KakaoTalk_20200605_134615133_02.png
원 url = https://blogfiles.pstatic.net/MjAyMDA2MDVfNTgg/MDAxNTkxMzMzMDk4ODI3.444wEQafp-Qib_51IiNXJoqaG5DzBLwmiesoiObSyZIg.PDbCqtexDumQYilsOhgaI4K5KpireULuuja0-vBvUl8g.PNG.jjy5210/KakaoTalk_20200605_134615133.png
 파일명 = patamabot\image\KakaoTalk_20200605_134615133.png
원 url = https://blogfiles.pstatic.net/MjAyMDA2MjJfNjgg/MDAxNTkyODA1NTgwMzcz.SxRe2rjKu3xN7hr1IFWEK8tjP3268a98AzysMwr0XVog.CMSUwryeh87XI5VfXRAE-Sqr7ipCkYjqmCqBt7CNEecg.PNG.jjy5210/034._%EA%B7%B8%EB%A0%98%EB%A6%B0_%EC%9D%BC%EC%83%81.png
 파일명 = patamabot\image\034._그렘린_일상.png
원 url = https://blogfiles.pstatic.net/MjAyMDA2MjJfMjkx/MDAxNTkyODA1NTgxMzIw.aIkmGKwpR_spTlAOlluIk_5f47fMYqul9YL44neNqzUg.y21BQvlxxCjEb1NTq16m32kzD2QRBSpItQoujHw534kg.PNG.jjy5210/074._%EC%97%90%ED%82%A4%EB%93%9C%EB%82%98_%EC%9B%A8%EB%94%A9.png
 파일명 = patamabot\image\074._에키드나_웨딩.png
원 url = https://blogfiles.pstatic.net/MjAyMDA3MDdfMTk5/MDAxNTk0MDUzMTcwMTI3.oPmReI54MWw9n1bWPRuLlp5q2EmjMg9X9qyz1ct2fUgg.e8NczMbWK4NoFbpErLKp0XRa4eKmlvoZMUyw217-aVQg.PNG.jjy5210/041._%EC%9B%A8%EB%94%A9.png
 파일명 = patamabot\image\041._웨딩.png
원 url = https://blogfiles.pstatic.net/MjAyMDA3MDdfMjkw/MDAxNTk0MDUzMTcwNzUz.7zD30V-X1sG6UTD10hFKMV11WWFLkL-ylTRqEz7NBxQg.dulkT2zDRKd7VfweVkY0AFvDpYpjSE13mNIQ6yUAir4g.PNG.jjy5210/138._%EC%9D%B4%EB%8B%A8%EC%8B%AC%EB%AC%B8.png
 파일명 = patamabot\image\138._이단심문.png
원 url = https://blogfiles.pstatic.net/MjAyMDA3MjFfODkg/MDAxNTk1MjU5NzQ0ODAy.R1MbQCfQn4zBWGgFUHFwrQwMDNwaXMUQor90HHN_iDog.NeqTYiSjs1cNlPHnOqsU_dl1ExINejD7GUdiwFvTi8Qg.PNG.jjy5210/093._%ED%95%A0%ED%8E%98_%EC%88%98%EC%98%81%EB%B3%B5.png
 파일명 = patamabot\image\093._할페_수영복.png
원 url = https://blogfiles.pstatic.net/MjAyMDA3MjFfMjY1/MDAxNTk1MjU5NzQ4NzM3.z1NCIpmBmiauRyTXRtqC3la2zqnX0Uj-LOc40Yq5090g.AF1mAeCISyto9iXOWK4-5pb-47UgPOqy1jZDO1leQrkg.PNG.jjy5210/024._%EC%9E%84%ED%8E%AB_%EC%88%98%EC%98%81%EB%B3%B5.png
 파일명 = patamabot\image\024._임펫_수영복.png
원 url = https://blogfiles.pstatic.net/MjAyMDA3MjFfMTMx/MDAxNTk1MjU5NzQ5MjQy.mJHdPhfOcZ4IBlzLnOngxcE0XHlgcpXUuHXBtRqIW44g.lK_wSWucco9mWTRk9lESQzSTJ6HE6443kuuw4KgACocg.PNG.jjy5210/172.%EB%9F%BC%EB%B2%84_%EC%88%98%EC%98%81%EB%B3%B5.png
 파일명 = patamabot\image\172.럼버_수영복.png
원 url = https://blogfiles.pstatic.net/MjAyMDA3MjFfMTA3/MDAxNTk1MjU5NzQ5NTY3.kBHpOOq5i4uEX9-1O98cjRqiyapcVht9ZJRUFOHWQl4g.EpIgumMlpP7HDC8BpUGGERjcLvk5DIzntOi2xAprC5Qg.PNG.jjy5210/87._%EB%84%A4%EB%A6%AC_%EC%88%98%EC%98%81%EB%B3%B5.png
 파일명 = patamabot\image\87._네리_수영복.png
원 url = https://blogfiles.pstatic.net/MjAyMDA1MThfMTA3/MDAxNTg5Nzg5MDAzNzk4.FUskPdN1rt28eR5q7kj_qj22VKDYgS2kLczBQazcWoIg.TF-NW1PDREU2ZU4duHewyIdeLpKq6U5ZlSk0lxFf2gkg.JPEG.jjy5210/037._%EB%B0%B1%EC%9E%91.jpg
 파일명 = patamabot\image\037._백작.jpg
원 url = https://blogfiles.pstatic.net/MjAyMDA1MThfMTc5/MDAxNTg5Nzg5MDA0MjI0.hLQRYnhDa6YcmmngXO1cAzjgyE56dGCxmjxwojEjxnsg.CFQNw573UIdvOMq_dnO3JOaiMYfs2bvYijxsiRvSkoQg.PNG.jjy5210/041.-%ED%8D%BC%EB%A0%88%EC%9D%B4%EB%93%9C.png
 파일명 = patamabot\image\041.-퍼레이드.png

작업종료